<html>
<head>
<title>TestNG:  Register_Cases</title>
<link href="../testng.css" rel="stylesheet" type="text/css" />
<link href="../my-testng.css" rel="stylesheet" type="text/css" />

<style type="text/css">
.log { display: none;} 
.stack-trace { display: none;} 
</style>
<script type="text/javascript">
<!--
function flip(e) {
  current = e.style.display;
  if (current == 'block') {
    e.style.display = 'none';
    return 0;
  }
  else {
    e.style.display = 'block';
    return 1;
  }
}

function toggleBox(szDivId, elem, msg1, msg2)
{
  var res = -1;  if (document.getElementById) {
    res = flip(document.getElementById(szDivId));
  }
  else if (document.all) {
    // this is the way old msie versions work
    res = flip(document.all[szDivId]);
  }
  if(elem) {
    if(res == 0) elem.innerHTML = msg1; else elem.innerHTML = msg2;
  }

}

function toggleAllBoxes() {
  if (document.getElementsByTagName) {
    d = document.getElementsByTagName('div');
    for (i = 0; i < d.length; i++) {
      if (d[i].className == 'log') {
        flip(d[i]);
      }
    }
  }
}

// -->
</script>

</head>
<body>
<h2 align='center'>Register_Cases</h2><table border='1' align="center">
<tr>
<td>Tests passed/Failed/Skipped:</td><td>8/0/0</td>
</tr><tr>
<td>Started on:</td><td>Sun Dec 17 13:05:10 EET 2023</td>
</tr>
<tr><td>Total time:</td><td>38 seconds (38582 ms)</td>
</tr><tr>
<td>Included groups:</td><td></td>
</tr><tr>
<td>Excluded groups:</td><td></td>
</tr>
</table><p/>
<small><i>(Hover the method name to see the test class name)</i></small><p/>
<table width='100%' border='1' class='invocation-failed'>
<tr><td colspan='4' align='center'><b>FAILED CONFIGURATIONS</b></td></tr>
<tr><td><b>Test method</b></td>
<td width="30%"><b>Exception</b></td>
<td width="10%"><b>Time (seconds)</b></td>
<td><b>Instance</b></td>
</tr>
<tr>
<td title='Register.TC_01_Register_Using_Valid_Email.takescreenshoot()'><b>takescreenshoot</b><br>Test class: Register.TC_01_Register_Using_Valid_Email</td>
<td><div><pre>org.openqa.selenium.NoSuchSessionException: Session ID is null. Using WebDriver after calling quit()?
Build info: version: &apos;4.13.0&apos;, revision: &apos;ba948ece5b*&apos;
System info: os.name: &apos;Windows 7&apos;, os.arch: &apos;amd64&apos;, os.version: &apos;6.1&apos;, java.version: &apos;1.8.0_371&apos;
Driver info: org.openqa.selenium.chrome.ChromeDriver
Command: [null, findElement {using=xpath, value=/html/body/div[6]}]
Capabilities {acceptInsecureCerts: false, browserName: chrome, browserVersion: 109.0.5414.165, chrome: {chromedriverVersion: 109.0.5414.74 (e7c5703604da..., userDataDir: C:\Users\basem\AppData\Loca...}, goog:chromeOptions: {debuggerAddress: localhost:49836}, networkConnectionEnabled: false, pageLoadStrategy: normal, platformName: windows, proxy: Proxy(), se:cdp: ws://localhost:49836/devtoo..., se:cdpVersion: 109.0.5414.165, setWindowRect: true, strictFileInteractability: false, timeouts: {implicit: 0, pageLoad: 300000, script: 30000}, unhandledPromptBehavior: dismiss and notify, webauthn:extension:credBlob: true, webauthn:extension:largeBlob: true, webauthn:virtualAuthenticators: true}
	at org.openqa.selenium.remote.HttpCommandExecutor.execute(HttpCommandExecutor.java:152)
	at org.openqa.selenium.remote.service.DriverCommandExecutor.invokeExecute(DriverCommandExecutor.java:196)
	at org.openqa.selenium.remote.service.DriverCommandExecutor.execute(DriverCommandExecutor.java:171)
	at org.openqa.selenium.remote.RemoteWebDriver.execute(RemoteWebDriver.java:602)
	at org.openqa.selenium.remote.ElementLocation$ElementFinder$2.findElement(ElementLocation.java:165)
	at org.openqa.selenium.remote.ElementLocation.findElement(ElementLocation.java:59)
	at org.openqa.selenium.remote.RemoteWebDriver.findElement(RemoteWebDriver.java:359)
	at org.openqa.selenium.remote.RemoteWebDriver.findElement(RemoteWebDriver.java:353)
	at Register.TC_01_Register_Using_Valid_Email.takescreenshoot(TC_01_Register_Using_Valid_Email.java:66)
... Removed 23 stack frames</pre></div><a href='#' onClick='toggleBox("stack-trace920926249", this, "Click to show all stack frames", "Click to hide stack frames")'>Click to show all stack frames</a>
<div class='stack-trace' id='stack-trace920926249'><pre>org.openqa.selenium.NoSuchSessionException: Session ID is null. Using WebDriver after calling quit()?
Build info: version: &apos;4.13.0&apos;, revision: &apos;ba948ece5b*&apos;
System info: os.name: &apos;Windows 7&apos;, os.arch: &apos;amd64&apos;, os.version: &apos;6.1&apos;, java.version: &apos;1.8.0_371&apos;
Driver info: org.openqa.selenium.chrome.ChromeDriver
Command: [null, findElement {using=xpath, value=/html/body/div[6]}]
Capabilities {acceptInsecureCerts: false, browserName: chrome, browserVersion: 109.0.5414.165, chrome: {chromedriverVersion: 109.0.5414.74 (e7c5703604da..., userDataDir: C:\Users\basem\AppData\Loca...}, goog:chromeOptions: {debuggerAddress: localhost:49836}, networkConnectionEnabled: false, pageLoadStrategy: normal, platformName: windows, proxy: Proxy(), se:cdp: ws://localhost:49836/devtoo..., se:cdpVersion: 109.0.5414.165, setWindowRect: true, strictFileInteractability: false, timeouts: {implicit: 0, pageLoad: 300000, script: 30000}, unhandledPromptBehavior: dismiss and notify, webauthn:extension:credBlob: true, webauthn:extension:largeBlob: true, webauthn:virtualAuthenticators: true}
	at org.openqa.selenium.remote.HttpCommandExecutor.execute(HttpCommandExecutor.java:152)
	at org.openqa.selenium.remote.service.DriverCommandExecutor.invokeExecute(DriverCommandExecutor.java:196)
	at org.openqa.selenium.remote.service.DriverCommandExecutor.execute(DriverCommandExecutor.java:171)
	at org.openqa.selenium.remote.RemoteWebDriver.execute(RemoteWebDriver.java:602)
	at org.openqa.selenium.remote.ElementLocation$ElementFinder$2.findElement(ElementLocation.java:165)
	at org.openqa.selenium.remote.ElementLocation.findElement(ElementLocation.java:59)
	at org.openqa.selenium.remote.RemoteWebDriver.findElement(RemoteWebDriver.java:359)
	at org.openqa.selenium.remote.RemoteWebDriver.findElement(RemoteWebDriver.java:353)
	at Register.TC_01_Register_Using_Valid_Email.takescreenshoot(TC_01_Register_Using_Valid_Email.java:66)
	at sun.reflect.NativeMethodAccessorImpl.invoke0(Native Method)
	at sun.reflect.NativeMethodAccessorImpl.invoke(NativeMethodAccessorImpl.java:62)
	at sun.reflect.DelegatingMethodAccessorImpl.invoke(DelegatingMethodAccessorImpl.java:43)
	at java.lang.reflect.Method.invoke(Method.java:498)
	at org.testng.internal.MethodInvocationHelper.invokeMethod(MethodInvocationHelper.java:133)
	at org.testng.internal.MethodInvocationHelper.invokeMethodConsideringTimeout(MethodInvocationHelper.java:62)
	at org.testng.internal.ConfigInvoker.invokeConfigurationMethod(ConfigInvoker.java:340)
	at org.testng.internal.ConfigInvoker.invokeConfigurations(ConfigInvoker.java:294)
	at org.testng.TestRunner.invokeTestConfigurations(TestRunner.java:623)
	at org.testng.TestRunner.afterRun(TestRunner.java:853)
	at org.testng.TestRunner.run(TestRunner.java:594)
	at org.testng.SuiteRunner.runTest(SuiteRunner.java:402)
	at org.testng.SuiteRunner.runSequentially(SuiteRunner.java:396)
	at org.testng.SuiteRunner.privateRun(SuiteRunner.java:355)
	at org.testng.SuiteRunner.run(SuiteRunner.java:304)
	at org.testng.SuiteRunnerWorker.runSuite(SuiteRunnerWorker.java:53)
	at org.testng.SuiteRunnerWorker.run(SuiteRunnerWorker.java:96)
	at org.testng.TestNG.runSuitesSequentially(TestNG.java:1180)
	at org.testng.TestNG.runSuitesLocally(TestNG.java:1102)
	at org.testng.TestNG.runSuites(TestNG.java:1032)
	at org.testng.TestNG.run(TestNG.java:1000)
	at org.testng.IDEARemoteTestNG.run(IDEARemoteTestNG.java:72)
	at org.testng.RemoteTestNGStarter.main(RemoteTestNGStarter.java:123)
</pre></div></td>
<td>0</td>
<td>Register.TC_01_Register_Using_Valid_Email@6b9ce1bf</td></tr>
</table><p>
<table width='100%' border='1' class='invocation-skipped'>
<tr><td colspan='4' align='center'><b>SKIPPED CONFIGURATIONS</b></td></tr>
<tr><td><b>Test method</b></td>
<td width="30%"><b>Exception</b></td>
<td width="10%"><b>Time (seconds)</b></td>
<td><b>Instance</b></td>
</tr>
<tr>
<td title='Register.TC_02_Register_Using_InValid_Email_Format.takescreenshoot()'><b>takescreenshoot</b><br>Test class: Register.TC_02_Register_Using_InValid_Email_Format</td>
<td></td>
<td>-1702811148</td>
<td>Register.TC_02_Register_Using_InValid_Email_Format@61884cb1</td></tr>
</table><p>
<table width='100%' border='1' class='invocation-passed'>
<tr><td colspan='4' align='center'><b>PASSED TESTS</b></td></tr>
<tr><td><b>Test method</b></td>
<td width="30%"><b>Exception</b></td>
<td width="10%"><b>Time (seconds)</b></td>
<td><b>Instance</b></td>
</tr>
<tr>
<td title='Register.TC_01_Register_Using_Valid_Email.TC_01()'><b>TC_01</b><br>Test class: Register.TC_01_Register_Using_Valid_Email<br>Parameters: Test, User_01, testmail.mt1@gmail.com, Test_User01, test000, Company01_Test, pihibe_closetab.email, test123, Test_mail@gmail.com, City_01_Test, Address_1_Test, Address_2_Test, null, null, (866)544-7748, Apple MacBook Pro 13-inch, product765, New_FirstName01, New_LastName01, Address_1_New, Address_2_New, new000</td>
<td></td>
<td>6</td>
<td>Register.TC_01_Register_Using_Valid_Email@6b9ce1bf</td></tr>
<tr>
<td title='Register.TC_01_Register_Using_Valid_Email.TC_01()'><b>TC_01</b><br>Test class: Register.TC_01_Register_Using_Valid_Email<br>Parameters: Test, User_02, testmail.mta1@gmail.com, Test_User01, test000, Company01_Test, pihibe_closetab.email, test123, Test_mail@gmail.com, City_01_Test, Address_1_Test, Address_2_Test, null, null, (866)544-7748, Apple MacBook Pro 13-inch, product765, New_FirstName02, New_LastName02, Address_1_New, Address_2_New, new000</td>
<td></td>
<td>3</td>
<td>Register.TC_01_Register_Using_Valid_Email@6b9ce1bf</td></tr>
<tr>
<td title='Register.TC_01_Register_Using_Valid_Email.TC_01()'><b>TC_01</b><br>Test class: Register.TC_01_Register_Using_Valid_Email<br>Parameters: Test, User_03, testmail.mt2@gmail.com, Test_User01, test000, Company01_Test, pihibe_closetab.email, test123, Test_mail@gmail.com, City_01_Test, Address_1_Test, Address_2_Test, null, null, (866)544-7748, Apple MacBook Pro 13-inch, product765, New_FirstName03, New_LastName03, Address_1_New, Address_2_New, new000</td>
<td></td>
<td>3</td>
<td>Register.TC_01_Register_Using_Valid_Email@6b9ce1bf</td></tr>
<tr>
<td title='Register.TC_01_Register_Using_Valid_Email.TC_01()'><b>TC_01</b><br>Test class: Register.TC_01_Register_Using_Valid_Email<br>Parameters: Test, User_04, testmail.mt3@gmail.com, Test_User01, test000, Company01_Test, pihibe_closetab.email, test123, Test_mail@gmail.com, City_01_Test, Address_1_Test, Address_2_Test, null, null, (866)544-7748, Apple MacBook Pro 13-inch, product765, New_FirstName04, New_LastName04, Address_1_New, Address_2_New, new000</td>
<td></td>
<td>3</td>
<td>Register.TC_01_Register_Using_Valid_Email@6b9ce1bf</td></tr>
<tr>
<td title='Register.TC_02_Register_Using_InValid_Email_Format.TC_02()'><b>TC_02</b><br>Test class: Register.TC_02_Register_Using_InValid_Email_Format<br>Parameters: Test, User_01, testmail.mt1@gmail.com, Test_User01, test000, Company01_Test, pihibe_closetab.email, test123, Test_mail@gmail.com, City_01_Test, Address_1_Test, Address_2_Test, null, null, (866)544-7748, Apple MacBook Pro 13-inch, product765, New_FirstName01, New_LastName01, Address_1_New, Address_2_New, new000</td>
<td></td>
<td>10</td>
<td>Register.TC_02_Register_Using_InValid_Email_Format@61884cb1</td></tr>
<tr>
<td title='Register.TC_02_Register_Using_InValid_Email_Format.TC_02()'><b>TC_02</b><br>Test class: Register.TC_02_Register_Using_InValid_Email_Format<br>Parameters: Test, User_02, testmail.mta1@gmail.com, Test_User01, test000, Company01_Test, pihibe_closetab.email, test123, Test_mail@gmail.com, City_01_Test, Address_1_Test, Address_2_Test, null, null, (866)544-7748, Apple MacBook Pro 13-inch, product765, New_FirstName02, New_LastName02, Address_1_New, Address_2_New, new000</td>
<td></td>
<td>2</td>
<td>Register.TC_02_Register_Using_InValid_Email_Format@61884cb1</td></tr>
<tr>
<td title='Register.TC_02_Register_Using_InValid_Email_Format.TC_02()'><b>TC_02</b><br>Test class: Register.TC_02_Register_Using_InValid_Email_Format<br>Parameters: Test, User_03, testmail.mt2@gmail.com, Test_User01, test000, Company01_Test, pihibe_closetab.email, test123, Test_mail@gmail.com, City_01_Test, Address_1_Test, Address_2_Test, null, null, (866)544-7748, Apple MacBook Pro 13-inch, product765, New_FirstName03, New_LastName03, Address_1_New, Address_2_New, new000</td>
<td></td>
<td>3</td>
<td>Register.TC_02_Register_Using_InValid_Email_Format@61884cb1</td></tr>
<tr>
<td title='Register.TC_02_Register_Using_InValid_Email_Format.TC_02()'><b>TC_02</b><br>Test class: Register.TC_02_Register_Using_InValid_Email_Format<br>Parameters: Test, User_04, testmail.mt3@gmail.com, Test_User01, test000, Company01_Test, pihibe_closetab.email, test123, Test_mail@gmail.com, City_01_Test, Address_1_Test, Address_2_Test, null, null, (866)544-7748, Apple MacBook Pro 13-inch, product765, New_FirstName04, New_LastName04, Address_1_New, Address_2_New, new000</td>
<td></td>
<td>3</td>
<td>Register.TC_02_Register_Using_InValid_Email_Format@61884cb1</td></tr>
</table><p>
</body>
</html>