<?xml version="1.0" encoding="UTF-8"?>
<!-- Generated by org.testng.reporters.JUnitXMLReporter -->
<testsuite hostname="basem-PC" ignored="0" name="Register_Cases" tests="8" failures="0" timestamp="2023-12-17T13:05:48 EET" time="38.582" errors="0">
  <testcase name="@AfterTest takescreenshoot" time="0.03" classname="Register.TC_01_Register_Using_Valid_Email">
    <failure type="org.openqa.selenium.NoSuchSessionException" message="Session ID is null. Using WebDriver after calling quit()?
Build info: version: &amp;apos;4.13.0&amp;apos;, revision: &amp;apos;ba948ece5b*&amp;apos;
System info: os.name: &amp;apos;Windows 7&amp;apos;, os.arch: &amp;apos;amd64&amp;apos;, os.version: &amp;apos;6.1&amp;apos;, java.version: &amp;apos;1.8.0_371&amp;apos;
Driver info: org.openqa.selenium.chrome.ChromeDriver
Command: [null, findElement {using=xpath, value=/html/body/div[6]}]
Capabilities {acceptInsecureCerts: false, browserName: chrome, browserVersion: 109.0.5414.165, chrome: {chromedriverVersion: 109.0.5414.74 (e7c5703604da..., userDataDir: C:\Users\basem\AppData\Loca...}, goog:chromeOptions: {debuggerAddress: localhost:49836}, networkConnectionEnabled: false, pageLoadStrategy: normal, platformName: windows, proxy: Proxy(), se:cdp: ws://localhost:49836/devtoo..., se:cdpVersion: 109.0.5414.165, setWindowRect: true, strictFileInteractability: false, timeouts: {implicit: 0, pageLoad: 300000, script: 30000}, unhandledPromptBehavior: dismiss and notify, webauthn:extension:credBlob: true, webauthn:extension:largeBlob: true, webauthn:virtualAuthenticators: true}">
      <![CDATA[org.openqa.selenium.NoSuchSessionException: Session ID is null. Using WebDriver after calling quit()?
Build info: version: '4.13.0', revision: 'ba948ece5b*'
System info: os.name: 'Windows 7', os.arch: 'amd64', os.version: '6.1', java.version: '1.8.0_371'
Driver info: org.openqa.selenium.chrome.ChromeDriver
Command: [null, findElement {using=xpath, value=/html/body/div[6]}]
Capabilities {acceptInsecureCerts: false, browserName: chrome, browserVersion: 109.0.5414.165, chrome: {chromedriverVersion: 109.0.5414.74 (e7c5703604da..., userDataDir: C:\Users\basem\AppData\Loca...}, goog:chromeOptions: {debuggerAddress: localhost:49836}, networkConnectionEnabled: false, pageLoadStrategy: normal, platformName: windows, proxy: Proxy(), se:cdp: ws://localhost:49836/devtoo..., se:cdpVersion: 109.0.5414.165, setWindowRect: true, strictFileInteractability: false, timeouts: {implicit: 0, pageLoad: 300000, script: 30000}, unhandledPromptBehavior: dismiss and notify, webauthn:extension:credBlob: true, webauthn:extension:largeBlob: true, webauthn:virtualAuthenticators: true}
at org.openqa.selenium.remote.HttpCommandExecutor.execute(HttpCommandExecutor.java:152)
at org.openqa.selenium.remote.service.DriverCommandExecutor.invokeExecute(DriverCommandExecutor.java:196)
at org.openqa.selenium.remote.service.DriverCommandExecutor.execute(DriverCommandExecutor.java:171)
at org.openqa.selenium.remote.RemoteWebDriver.execute(RemoteWebDriver.java:602)
at org.openqa.selenium.remote.ElementLocation$ElementFinder$2.findElement(ElementLocation.java:165)
at org.openqa.selenium.remote.ElementLocation.findElement(ElementLocation.java:59)
at org.openqa.selenium.remote.RemoteWebDriver.findElement(RemoteWebDriver.java:359)
at org.openqa.selenium.remote.RemoteWebDriver.findElement(RemoteWebDriver.java:353)
at Register.TC_01_Register_Using_Valid_Email.takescreenshoot(TC_01_Register_Using_Valid_Email.java:66)
... Removed 23 stack frames]]>
    </failure>
  </testcase> <!-- @AfterTest takescreenshoot -->
  <testcase name="@AfterTest takescreenshoot" time="-1.702811148953E9" classname="Register.TC_02_Register_Using_InValid_Email_Format">
    <skipped/>
  </testcase> <!-- @AfterTest takescreenshoot -->
  <testcase name="TC_01" time="6.048" classname="Register.TC_01_Register_Using_Valid_Email"/>
  <testcase name="TC_01" time="3.0" classname="Register.TC_01_Register_Using_Valid_Email"/>
  <testcase name="TC_01" time="3.097" classname="Register.TC_01_Register_Using_Valid_Email"/>
  <testcase name="TC_01" time="3.384" classname="Register.TC_01_Register_Using_Valid_Email"/>
  <testcase name="TC_02" time="10.266" classname="Register.TC_02_Register_Using_InValid_Email_Format"/>
  <testcase name="TC_02" time="2.804" classname="Register.TC_02_Register_Using_InValid_Email_Format"/>
  <testcase name="TC_02" time="3.029" classname="Register.TC_02_Register_Using_InValid_Email_Format"/>
  <testcase name="TC_02" time="3.291" classname="Register.TC_02_Register_Using_InValid_Email_Format"/>
</testsuite> <!-- Register_Cases -->
